00:00:00.004718 main     VirtualBox XPCOM Server 7.1.4 r165100 linux.amd64 (Nov 23 2024 21:49:26) release log
00:00:00.004720 main     Log opened 2024-12-12T01:00:37.095759000Z
00:00:00.004720 main     Build Type: release
00:00:00.004721 main     OS Product: Linux
00:00:00.004721 main     OS Release: 6.6.63-1-lts
00:00:00.004722 main     OS Version: #1 SMP PREEMPT_DYNAMIC Fri, 22 Nov 2024 15:39:56 +0000
00:00:00.004740 main     DMI Product Name: System Product Name
00:00:00.004745 main     DMI Product Version: System Version
00:00:00.004747 main     Firmware type: UEFI
00:00:00.004868 main     Secure Boot: Disabled
00:00:00.004885 main     Host RAM: 31936MB (31.1GB) total, 11427MB (11.1GB) available
00:00:00.004886 main     Executable: /usr/lib/virtualbox/VBoxSVC
00:00:00.004887 main     Process ID: 2602820
00:00:00.004887 main     Package type: LINUX_64BITS_GENERIC (OSE)
00:00:00.007817 main     IPC socket path: /tmp/.vbox-hypno-ipc/ipcd
00:00:00.051865 DCon01   VirtualBox: object creation starts
00:00:00.053988 DCon01   Home directory: '/home/hypno/.config/VirtualBox'
00:00:00.054527 DCon01   Loading settings file "/home/hypno/.config/VirtualBox/VirtualBox.xml" with version "1.12-linux"
00:00:00.062405 DCon01   Failed to retrive disk info: getDiskName(/dev/mapper/volgroup0-lv_root) --> volgroup0-lv_root
00:00:00.063575 DCon01   HostDnsMonitor: initializing
00:00:00.063798 DCon01   NAT: resolv.conf: nameserver 208.67.222.222
00:00:00.063802 DCon01   NAT: resolv.conf: nameserver 208.67.220.220
00:00:00.063809 DCon01   HostDnsMonitor: updating information
00:00:00.063817 DCon01   HostDnsMonitor: old information
00:00:00.063818 DCon01     no server entries
00:00:00.063819 DCon01     no domain set
00:00:00.063820 DCon01     no search string entries
00:00:00.063821 DCon01   HostDnsMonitor: new information
00:00:00.063821 DCon01     server 1: 208.67.222.222
00:00:00.063823 DCon01     server 2: 208.67.220.220
00:00:00.063823 DCon01     domain: localdomain
00:00:00.063824 DCon01     search string 1: localdomain
00:00:00.068460 DCon01   VD: VDInit finished with VINF_SUCCESS
00:00:00.072162 DCon01   Platform architecture set to 'x86'
00:00:00.074630 DCon01   Loading settings file "/home/hypno/VMSIRELAND/GUI-Applications/Virtual-Machine/VMS-Ireland-Workstation/VMS-Ireland-Workstation.vbox" with version "1.19-linux"
00:00:00.075013 DCon01   Platform architecture set to 'x86'
00:00:00.075018 DCon01   Platform architecture set to 'x86'
00:00:00.075049 DCon01   Platform architecture set to 'x86'
00:00:00.075139 DCon01   Platform architecture set to 'x86'
00:00:00.075202 DCon01   Platform architecture set to 'x86'
00:00:00.075963 DCon01   Loading settings file "/home/hypno/VMSIRELAND/GUI-Applications/VMS-Ireland-Base-Workstation/VMS-Ireland-Base-Workstation.vbox" with version "1.19-linux"
00:00:00.076037 DCon01   Platform architecture set to 'x86'
00:00:00.076347 DCon01   VirtualBox: object created
00:00:08.361216 main     VirtualBox: object deletion starts
00:00:08.361306 main     ERROR [COM]: aRC=VBOX_E_OBJECT_IN_USE (0x80bb000c) aIID={7d510820-a678-4730-a862-818dcd3fbed0} aComponent={MediumWrap} aText={Medium '/home/hypno/VMSIRELAND/GUI-Applications/Virtual-Machine/VMS-Ireland-Workstation/Snapshots/{9e0c5a1f-19a8-4913-9d9f-77c7735afc3f}.vdi' cannot be closed because it is still attached to 1 virtual machines}, preserve=false aResultDetail=0
00:00:08.361826 main     ERROR [COM]: aRC=E_ACCESSDENIED (0x80070005) aIID={6cc49055-dad4-4496-85cf-3f76bcb3b5fa} aComponent={SnapshotWrap} aText={The object is not ready}, preserve=false aResultDetail=0
00:00:08.362663 main     ERROR [COM]: aRC=VBOX_E_OBJECT_IN_USE (0x80bb000c) aIID={7d510820-a678-4730-a862-818dcd3fbed0} aComponent={MediumWrap} aText={Medium '/home/hypno/VMSIRELAND/GUI-Applications/VMS-Ireland-Base-Workstation/Snapshots/{5fb986bc-c26b-4783-a335-83303a799edf}.vdi' cannot be closed because it is still attached to 1 virtual machines}, preserve=false aResultDetail=0
00:00:08.363850 main     HostDnsMonitor: shutting down ...
00:00:08.364248 main     HostDnsMonitor: shut down
00:00:08.375183 Watcher  ERROR [COM]: aRC=E_ACCESSDENIED (0x80070005) aIID={d644ad1e-c501-4fc7-9ab6-aa6d763bc540} aComponent={VirtualBoxWrap} aText={The object is not ready}, preserve=false aResultDetail=0
00:00:08.375410 main     VirtualBox: object deleted
